<?xml version="1.0" encoding="UTF-8"?>
<!-- Generated by org.testng.reporters.JUnitReportReporter -->
<testsuite hostname="chetan-PC" name="testCases.SEARCH_CHNL_DISCOVER" tests="1" failures="0" timestamp="7 Feb 2019 12:59:33 GMT" time="133.715" errors="0">
  <testcase name="searchChnl" time="133.715" classname="testCases.SEARCH_CHNL_DISCOVER"/>
</testsuite> <!-- testCases.SEARCH_CHNL_DISCOVER -->
