<?xml version="1.0" encoding="UTF-8"?>
<!-- Generated by org.testng.reporters.JUnitReportReporter -->
<testsuite hostname="chetan-PC" name="testCases.VISITOR_LOGIN" tests="1" failures="0" timestamp="7 Jan 2019 11:20:49 GMT" time="34.038" errors="0">
  <testcase name="loginSteps" time="34.038" classname="testCases.VISITOR_LOGIN"/>
</testsuite> <!-- testCases.VISITOR_LOGIN -->
