<?xml version="1.0" encoding="UTF-8"?>
<!-- Generated by org.testng.reporters.JUnitReportReporter -->
<testsuite hostname="chetan-PC" name="testCases.EXHIBITOR_LOGIN" tests="1" failures="0" timestamp="9 Jan 2019 11:25:06 GMT" time="7.160" errors="0">
  <testcase name="loginAsExhibitor" time="7.160" classname="testCases.EXHIBITOR_LOGIN"/>
</testsuite> <!-- testCases.EXHIBITOR_LOGIN -->
