<?xml version="1.0" encoding="UTF-8"?>
<!-- Generated by org.testng.reporters.JUnitReportReporter -->
<testsuite hostname="chetan-PC" name="testCases.LOGIN" tests="1" failures="0" timestamp="3 Jan 2019 12:35:53 GMT" time="41.808" errors="0">
  <testcase name="loginSteps" time="41.808" classname="testCases.LOGIN"/>
</testsuite> <!-- testCases.LOGIN -->
