<?xml version="1.0" encoding="UTF-8"?>
<!-- Generated by org.testng.reporters.JUnitReportReporter -->
<testsuite hostname="chetan-PC" name="testCases.LIST_CHANNELS" tests="1" failures="0" timestamp="7 Feb 2019 12:59:33 GMT" time="25.743" errors="0">
  <testcase name="channelList" time="25.743" classname="testCases.LIST_CHANNELS"/>
</testsuite> <!-- testCases.LIST_CHANNELS -->
