<?xml version="1.0" encoding="UTF-8"?>
<!-- Generated by org.testng.reporters.JUnitReportReporter -->
<testsuite hostname="chetan-PC" name="testCases.LIST_CHANNELS" tests="1" failures="0" timestamp="5 Feb 2019 10:36:32 GMT" time="15.334" errors="0">
  <testcase name="channelList" time="15.334" classname="testCases.LIST_CHANNELS"/>
</testsuite> <!-- testCases.LIST_CHANNELS -->
