<?xml version="1.0" encoding="UTF-8"?>
<!-- Generated by org.testng.reporters.JUnitReportReporter -->
<testsuite hostname="chetan-PC" name="testCases.EXHIBITOR_LOGIN" tests="1" failures="0" timestamp="5 Feb 2019 10:36:32 GMT" time="12.844" errors="0">
  <testcase name="loginAsExhibitor" time="12.844" classname="testCases.EXHIBITOR_LOGIN"/>
</testsuite> <!-- testCases.EXHIBITOR_LOGIN -->
