<?xml version="1.0" encoding="UTF-8"?>
<!-- Generated by org.testng.reporters.JUnitReportReporter -->
<testsuite hostname="chetan-PC" name="testCases.LIST_CHANNELS" tests="1" failures="0" timestamp="7 Jan 2019 11:20:49 GMT" time="6.865" errors="0">
  <testcase name="channelList" time="6.865" classname="testCases.LIST_CHANNELS"/>
</testsuite> <!-- testCases.LIST_CHANNELS -->
