<?xml version="1.0" encoding="UTF-8"?>
<!-- Generated by org.testng.reporters.JUnitReportReporter -->
<testsuite hostname="chetan-PC" name="testCases.EXHIBITOR_LOGIN" tests="1" failures="0" timestamp="24 Jan 2019 05:36:24 GMT" time="7.210" errors="0">
  <testcase name="loginAsExhibitor" time="7.210" classname="testCases.EXHIBITOR_LOGIN"/>
</testsuite> <!-- testCases.EXHIBITOR_LOGIN -->
