<?xml version="1.0" encoding="UTF-8"?>
<!-- Generated by org.testng.reporters.JUnitReportReporter -->
<testsuite hostname="chetan-PC" name="testCases.LOGIN" tests="1" failures="0" timestamp="7 Jan 2019 05:44:51 GMT" time="36.176" errors="0">
  <testcase name="loginSteps" time="36.176" classname="testCases.LOGIN"/>
</testsuite> <!-- testCases.LOGIN -->
