<?xml version="1.0" encoding="UTF-8"?>
<!-- Generated by org.testng.reporters.JUnitReportReporter -->
<testsuite hostname="chetan-PC" name="testCases.LIST_CHANNELS" tests="1" failures="0" timestamp="24 Jan 2019 05:36:24 GMT" time="7.103" errors="0">
  <testcase name="channelList" time="7.103" classname="testCases.LIST_CHANNELS"/>
</testsuite> <!-- testCases.LIST_CHANNELS -->
