<?xml version="1.0" encoding="UTF-8"?>
<!-- Generated by org.testng.reporters.JUnitReportReporter -->
<testsuite hostname="chetan-PC" name="testCases.EXHIBITOR_LOGIN" tests="1" failures="0" timestamp="7 Feb 2019 12:59:33 GMT" time="1.673" errors="0">
  <testcase name="loginAsExhibitor" time="1.673" classname="testCases.EXHIBITOR_LOGIN"/>
</testsuite> <!-- testCases.EXHIBITOR_LOGIN -->
