<?xml version="1.0" encoding="UTF-8"?>
<!-- Generated by org.testng.reporters.JUnitReportReporter -->
<testsuite hostname="chetan-PC" name="testCases.LOGIN" tests="1" failures="0" timestamp="2 Jan 2019 09:47:14 GMT" time="55.266" errors="0">
  <testcase name="loginSteps" time="55.266" classname="testCases.LOGIN"/>
</testsuite> <!-- testCases.LOGIN -->
